生成启动时间为 2019/7/1 20:16:51。
     1>项目“E:\visual studio 2012\Projects\ROPVUZ99\ROPVUZ99\ROPVUZ99.vcxproj”在节点 2 上(build 个目标)。
     1>PrepareForBuild:
         正在创建目录“E:\visual studio 2012\Projects\ROPVUZ99\Debug\”。
       InitializeBuildStatus:
         正在创建“Debug\ROPVUZ99.unsuccessfulbuild”，因为已指定“AlwaysCreate”。
       ClCompile:
         e:\Program Files (x86)\Microsoft Visual Studio 10.0\VC\bin\CL.exe /c /ZI /nologo /W3 /WX- /Od /Oy- /D WIN32 /D _WINDOWS /D _DEBUG /D _UNICODE /D UNICODE /D _AFXDLL /Gm /EHsc /RTC1 /MDd /GS /fp:precise /Zc:wchar_t /Zc:forScope /Yc"StdAfx.h" /Fp"Debug\ROPVUZ99.pch" /Fo"Debug\\" /Fd"Debug\vc100.pdb" /Gd /TP /analyze- /errorReport:prompt stdafx.cpp
         stdafx.cpp
         e:\Program Files (x86)\Microsoft Visual Studio 10.0\VC\bin\CL.exe /c /ZI /nologo /W3 /WX- /Od /Oy- /D WIN32 /D _WINDOWS /D _DEBUG /D _UNICODE /D UNICODE /D _AFXDLL /Gm /EHsc /RTC1 /MDd /GS /fp:precise /Zc:wchar_t /Zc:forScope /Yu"StdAfx.h" /Fp"Debug\ROPVUZ99.pch" /Fo"Debug\\" /Fd"Debug\vc100.pdb" /Gd /TP /analyze- /errorReport:prompt ClassView.cpp FileView.cpp MainFrm.cpp OutputWnd.cpp PropertiesWnd.cpp ROPVUZ99.cpp ROPVUZ99Doc.cpp ROPVUZ99View.cpp ViewTree.cpp
         ViewTree.cpp
         ROPVUZ99View.cpp
         ROPVUZ99Doc.cpp
         ROPVUZ99.cpp
         PropertiesWnd.cpp
         OutputWnd.cpp
         MainFrm.cpp
         FileView.cpp
         ClassView.cpp
         正在生成代码...
       ResourceCompile:
         C:\Program Files (x86)\Microsoft SDKs\Windows\v7.0A\bin\rc.exe /D _DEBUG /D _UNICODE /D UNICODE /D _AFXDLL /l"0x0804" /IDebug\ /nologo /fo"Debug\ROPVUZ99.res" ROPVUZ99.rc 
       ManifestResourceCompile:
         C:\Program Files (x86)\Microsoft SDKs\Windows\v7.0A\bin\rc.exe /nologo /fo"Debug\ROPVUZ99.exe.embed.manifest.res" Debug\ROPVUZ99_manifest.rc 
       Link:
         e:\Program Files (x86)\Microsoft Visual Studio 10.0\VC\bin\link.exe /ERRORREPORT:PROMPT /OUT:"E:\visual studio 2012\Projects\ROPVUZ99\Debug\ROPVUZ99.exe" /INCREMENTAL /NOLOGO /MANIFEST /ManifestFile:"Debug\ROPVUZ99.exe.intermediate.manifest" /MANIFESTUAC:"level='asInvoker' uiAccess='false'" /DEBUG /PDB:"E:\visual studio 2012\Projects\ROPVUZ99\Debug\ROPVUZ99.pdb" /SUBSYSTEM:WINDOWS /TLBID:1 /ENTRY:"wWinMainCRTStartup" /DYNAMICBASE /NXCOMPAT /IMPLIB:"E:\visual studio 2012\Projects\ROPVUZ99\Debug\ROPVUZ99.lib" /MACHINE:X86 Debug\ROPVUZ99.res
         Debug\ROPVUZ99.exe.embed.manifest.res
         Debug\ClassView.obj
         Debug\FileView.obj
         Debug\MainFrm.obj
         Debug\OutputWnd.obj
         Debug\PropertiesWnd.obj
         Debug\ROPVUZ99.obj
         Debug\ROPVUZ99Doc.obj
         Debug\ROPVUZ99View.obj
         Debug\stdafx.obj
         Debug\ViewTree.obj
       Manifest:
         C:\Program Files (x86)\Microsoft SDKs\Windows\v7.0A\bin\mt.exe /nologo /verbose /out:"Debug\ROPVUZ99.exe.embed.manifest" /manifest Debug\ROPVUZ99.exe.intermediate.manifest "e:\Program Files (x86)\Microsoft Visual Studio 10.0\VC\Include\Manifest\dpiaware.manifest"
         C:\Program Files (x86)\Microsoft SDKs\Windows\v7.0A\bin\rc.exe /nologo /fo"Debug\ROPVUZ99.exe.embed.manifest.res" Debug\ROPVUZ99_manifest.rc 
       LinkEmbedManifest:
         e:\Program Files (x86)\Microsoft Visual Studio 10.0\VC\bin\link.exe /ERRORREPORT:PROMPT /OUT:"E:\visual studio 2012\Projects\ROPVUZ99\Debug\ROPVUZ99.exe" /INCREMENTAL /NOLOGO /MANIFEST /ManifestFile:"Debug\ROPVUZ99.exe.intermediate.manifest" /MANIFESTUAC:"level='asInvoker' uiAccess='false'" /DEBUG /PDB:"E:\visual studio 2012\Projects\ROPVUZ99\Debug\ROPVUZ99.pdb" /SUBSYSTEM:WINDOWS /TLBID:1 /ENTRY:"wWinMainCRTStartup" /DYNAMICBASE /NXCOMPAT /IMPLIB:"E:\visual studio 2012\Projects\ROPVUZ99\Debug\ROPVUZ99.lib" /MACHINE:X86 Debug\ROPVUZ99.res
         Debug\ROPVUZ99.exe.embed.manifest.res
         Debug\ClassView.obj
         Debug\FileView.obj
         Debug\MainFrm.obj
         Debug\OutputWnd.obj
         Debug\PropertiesWnd.obj
         Debug\ROPVUZ99.obj
         Debug\ROPVUZ99Doc.obj
         Debug\ROPVUZ99View.obj
         Debug\stdafx.obj
         Debug\ViewTree.obj
         ROPVUZ99.vcxproj -> E:\visual studio 2012\Projects\ROPVUZ99\Debug\ROPVUZ99.exe
       FinalizeBuildStatus:
         正在删除文件“Debug\ROPVUZ99.unsuccessfulbuild”。
         正在对“Debug\ROPVUZ99.lastbuildstate”执行 Touch 任务。
     1>已完成生成项目“E:\visual studio 2012\Projects\ROPVUZ99\ROPVUZ99\ROPVUZ99.vcxproj”(build 个目标)的操作。

生成成功。

已用时间 00:00:05.67
